  Node.cpp
C:\Users\jangkw\source\repos\ChoDanBi\SAalgorithm\SA_Algorithm\SA_Algorithm\NodeFunction.h(21,21): warning C4018: '<': signed 또는 unsigned가 일치하지 않습니다.
C:\Users\jangkw\source\repos\ChoDanBi\SAalgorithm\SA_Algorithm\SA_Algorithm\NodeFunction.h(22,22): warning C4018: '<': signed 또는 unsigned가 일치하지 않습니다.
C:\Users\jangkw\source\repos\ChoDanBi\SAalgorithm\SA_Algorithm\SA_Algorithm\Node.cpp(48,20): warning C4018: '<': signed 또는 unsigned가 일치하지 않습니다.
C:\Users\jangkw\source\repos\ChoDanBi\SAalgorithm\SA_Algorithm\SA_Algorithm\Node.cpp(52,35): warning C4018: '>': signed 또는 unsigned가 일치하지 않습니다.
  NodeFactory.cpp
  NodeFunction.cpp
C:\Users\jangkw\source\repos\ChoDanBi\SAalgorithm\SA_Algorithm\SA_Algorithm\NodeFunction.h(21,21): warning C4018: '<': signed 또는 unsigned가 일치하지 않습니다.
C:\Users\jangkw\source\repos\ChoDanBi\SAalgorithm\SA_Algorithm\SA_Algorithm\NodeFunction.h(22,22): warning C4018: '<': signed 또는 unsigned가 일치하지 않습니다.
C:\Users\jangkw\source\repos\ChoDanBi\SAalgorithm\SA_Algorithm\SA_Algorithm\NodeFunction.cpp(5,9): warning C4101: 'y' :참조되지 않은 지역 변수입니다.
C:\Users\jangkw\source\repos\ChoDanBi\SAalgorithm\SA_Algorithm\SA_Algorithm\NodeFunction.cpp(5,6): warning C4101: 'x' :참조되지 않은 지역 변수입니다.
  NodeManager.cpp
C:\Users\jangkw\source\repos\ChoDanBi\SAalgorithm\SA_Algorithm\SA_Algorithm\NodeManager.cpp(48,20): warning C4018: '<': signed 또는 unsigned가 일치하지 않습니다.
C:\Users\jangkw\source\repos\ChoDanBi\SAalgorithm\SA_Algorithm\SA_Algorithm\NodeManager.cpp(66,20): warning C4018: '<': signed 또는 unsigned가 일치하지 않습니다.
C:\Users\jangkw\source\repos\ChoDanBi\SAalgorithm\SA_Algorithm\SA_Algorithm\NodeManager.cpp(67,21): warning C4018: '<': signed 또는 unsigned가 일치하지 않습니다.
  SimulatedAnnealing.cpp
C:\Users\jangkw\source\repos\ChoDanBi\SAalgorithm\SA_Algorithm\SA_Algorithm\SimulatedAnnealing.cpp(42,34): warning C4244: '인수': 'double'에서 'const int'(으)로 변환하면서 데이터가 손실될 수 있습니다.
  main.cpp
  코드를 생성하고 있습니다...
  SA_Algorithm.vcxproj -> C:\Users\jangkw\Source\Repos\ChoDanBi\SAalgorithm\SA_Algorithm\Debug\SA_Algorithm.exe
